Progress Report/android-tic-tac-toe-master2/app/build/outputs/logs/manifest-merger-debug-report.txt
-- Merging decision tree log ---
manifest
ADDED from AndroidManifest.xml:2:1
	xmlns:android
		ADDED from AndroidManifest.xml:2:11
	package
		ADDED from AndroidManifest.xml:3:2
		INJECTED from AndroidManifest.xml:0:0
		INJECTED from AndroidManifest.xml:0:0
	android:versionName
		ADDED from AndroidManifest.xml:4:2
	android:versionCode
		ADDED from AndroidManifest.xml:3:35
		INJECTED from AndroidManifest.xml:0:0
		INJECTED from AndroidManifest.xml:0:0
application
ADDED from AndroidManifest.xml:5:2
	android:label
		ADDED from AndroidManifest.xml:5:44
	android:debuggable
		ADDED from AndroidManifest.xml:6:3
	android:icon
		ADDED from AndroidManifest.xml:5:15
activity#me.livanec.don.tic_tac.TicTac
ADDED from AndroidManifest.xml:7:3
	android:label
		ADDED from AndroidManifest.xml:7:36
	android:name
		ADDED from AndroidManifest.xml:7:13
intent-filter#android.intent.action.MAIN+android.intent.category.LAUNCHER
ADDED from AndroidManifest.xml:8:4
action#android.intent.action.MAIN
ADDED from AndroidManifest.xml:9:5
	android:name
		ADDED from AndroidManifest.xml:9:13
category#android.intent.category.LAUNCHER
ADDED from AndroidManifest.xml:10:5
	android:name
		ADDED from AndroidManifest.xml:10:15
activity#me.livanec.don.tic_tac.Game
ADDED from AndroidManifest.xml:13:3
	android:label
		ADDED from AndroidManifest.xml:13:34
	android:name
		ADDED from AndroidManifest.xml:13:13
activity#me.livanec.don.tic_tac.ScoreBoard
ADDED from AndroidManifest.xml:14:3
	android:label
		ADDED from AndroidManifest.xml:14:40
	android:name
		ADDED from AndroidManifest.xml:14:13
uses-sdk
ADDED from AndroidManifest.xml:16:2
	android:targetSdkVersion
		INJECTED from AndroidManifest.xml:0:0
		INJECTED from AndroidManifest.xml:0:0
	android:minSdkVersion
		ADDED from AndroidManifest.xml:16:12
		INJECTED from AndroidManifest.xml:0:0
		INJECTED from AndroidManifest.xml:0:0